  Craw.cpp
D:\VSRepos\Crowns\Craw.h(2,10): warning C4067: unexpected tokens following preprocessor directive - expected a newline
D:\VSRepos\Crowns\Craw.h(379,11): warning C4101: 'res': unreferenced local variable
D:\VSRepos\Crowns\Craw.h(380,8): warning C4101: 'int32_res': unreferenced local variable
  MyForm.cpp
D:\VSRepos\Crowns\Teeth.h(2,10): warning C4067: unexpected tokens following preprocessor directive - expected a newline
D:\VSRepos\Crowns\Craw.h(2,10): warning C4067: unexpected tokens following preprocessor directive - expected a newline
D:\VSRepos\Crowns\Craw.h(379,11): warning C4101: 'res': unreferenced local variable
D:\VSRepos\Crowns\Craw.h(380,8): warning C4101: 'int32_res': unreferenced local variable
  NewClients.cpp
D:\VSRepos\Crowns\Teeth.h(2,10): warning C4067: unexpected tokens following preprocessor directive - expected a newline
D:\VSRepos\Crowns\Craw.h(2,10): warning C4067: unexpected tokens following preprocessor directive - expected a newline
D:\VSRepos\Crowns\Craw.h(379,11): warning C4101: 'res': unreferenced local variable
D:\VSRepos\Crowns\Craw.h(380,8): warning C4101: 'int32_res': unreferenced local variable
  Teeth.cpp
D:\VSRepos\Crowns\Teeth.h(2,10): warning C4067: unexpected tokens following preprocessor directive - expected a newline
D:\VSRepos\Crowns\Craw.h(2,10): warning C4067: unexpected tokens following preprocessor directive - expected a newline
D:\VSRepos\Crowns\Craw.h(379,11): warning C4101: 'res': unreferenced local variable
D:\VSRepos\Crowns\Craw.h(380,8): warning C4101: 'int32_res': unreferenced local variable
  .NETFramework,Version=v4.7.2.AssemblyAttributes.cpp
  Generating Code...
  Craw.obj : MSIL module encountered; incremental linking is disabled for MSIL; performing full link
  Crowns.vcxproj -> D:\VSRepos\Crowns\Debug\Crowns.exe
